24 Sep 2024 11:43:15.129321;DEPARTMENT VIEWING RESTRICTED;error! The department has no permission to view  ;fatal;
24 Sep 2024 11:43:50.386853;INVALID REQUEST;error! Invalid Request;fatal;
28 Sep 2024 05:12:36.499815;DEPARTMENT VIEWING RESTRICTED;error! The department has no permission to view  ;fatal;
28 Sep 2024 05:12:39.739534;DEPARTMENT VIEWING RESTRICTED;error! The department has no permission to view  ;fatal;
28 Sep 2024 05:12:42.217943;DEPARTMENT VIEWING RESTRICTED;error! The department has no permission to view  ;fatal;
28 Sep 2024 05:13:38.091563;DEPARTMENT VIEWING RESTRICTED;error! The department has no permission to view  ;fatal;
28 Sep 2024 05:13:41.160783;DEPARTMENT VIEWING RESTRICTED;error! The department has no permission to view  ;fatal;
28 Sep 2024 05:13:44.506921;DEPARTMENT VIEWING RESTRICTED;error! The department has no permission to view  ;fatal;
28 Sep 2024 05:13:48.119500;DEPARTMENT VIEWING RESTRICTED;error! The department has no permission to view  ;fatal;
28 Sep 2024 05:13:53.179898;INVALID REQUEST;error! Invalid Request;fatal;
28 Sep 2024 06:53:53.033159;INVALID REQUEST;error! Invalid Request;fatal;
28 Sep 2024 09:35:17.106416;INVALID REQUEST;error! Invalid Request;fatal;
28 Sep 2024 09:38:45.543506;INVALID REQUEST;error! Invalid Request;fatal;
28 Sep 2024 10:14:06.782395;INVALID REQUEST;error! Invalid Request;fatal;
28 Sep 2024 13:04:18.103620;DEPARTMENT VIEWING RESTRICTED;error! The department has no permission to view  ;fatal;
28 Sep 2024 13:04:23.850322;DEPARTMENT VIEWING RESTRICTED;error! The department has no permission to view  ;fatal;
28 Sep 2024 13:04:27.366608;DEPARTMENT VIEWING RESTRICTED;error! The department has no permission to view  ;fatal;
28 Sep 2024 13:04:30.649229;DEPARTMENT VIEWING RESTRICTED;error! The department has no permission to view  ;fatal;
01 Oct 2024 06:34:40.673706;DEPARTMENT VIEWING RESTRICTED;error! The department has no permission to view  ;fatal;
01 Oct 2024 06:48:28.532255;INVALID REQUEST;error! Invalid Request;fatal;
01 Oct 2024 06:49:03.773070;INVALID REQUEST;error! Invalid Request;fatal;
01 Oct 2024 06:49:06.510424;INVALID REQUEST;error! Invalid Request;fatal;
01 Oct 2024 06:50:05.378170;INVALID REQUEST;error! Invalid Request;fatal;
01 Oct 2024 06:50:21.041322;INVALID REQUEST;error! Invalid Request;fatal;
01 Oct 2024 06:50:23.349919;INVALID REQUEST;error! Invalid Request;fatal;
01 Oct 2024 07:14:51.236842;INVALID REQUEST;error! Invalid Request;fatal;
01 Oct 2024 10:07:26.827136;DEPARTMENT VIEWING RESTRICTED;error! The department has no permission to view  ;fatal;
01 Oct 2024 10:44:44.268212;INVALID PAGE;error!Invalid Page Request;fatal;
01 Oct 2024 12:46:58.144812;INVALID REQUEST;error! Invalid Request;fatal;
01 Oct 2024 12:51:30.691904;ams_create;error! The user has no permission to Create AMS;fatal;
01 Oct 2024 12:53:36.973275;INSERT_REQUEST_FAILED;error! Resource Not Created  ;fatal;
01 Oct 2024 13:09:56.135371;INVALID PAGE;error!Invalid Page Request;fatal;
01 Oct 2024 13:10:10.835079;INVALID PAGE;error!Invalid Page Request;fatal;
01 Oct 2024 13:11:20.301306;INVALID PAGE;error!Invalid Page Request;fatal;
01 Oct 2024 13:12:04.835178;INVALID PAGE;error!Invalid Page Request;fatal;
01 Oct 2024 13:12:20.051446;INVALID PAGE;error!Invalid Page Request;fatal;
01 Oct 2024 13:26:18.690065;INVALID PAGE;error!Invalid Page Request;fatal;
01 Oct 2024 13:26:35.565984;INVALID PAGE;error!Invalid Page Request;fatal;
01 Oct 2024 13:27:28.517227;INVALID PAGE;error!Invalid Page Request;fatal;
01 Oct 2024 13:33:21.965745;CAPA NUMBER SEQUENCE NOT EXIST;error! Contact Admin;fatal;
02 Oct 2024 06:29:50.508973;DEPARTMENT VIEWING RESTRICTED;error! The department has no permission to view  ;fatal;
02 Oct 2024 06:30:05.434298;DEPARTMENT VIEWING RESTRICTED;error! The department has no permission to view  ;fatal;
02 Oct 2024 06:30:11.061308;DEPARTMENT VIEWING RESTRICTED;error! The department has no permission to view  ;fatal;
02 Oct 2024 06:30:14.511989;DEPARTMENT VIEWING RESTRICTED;error! The department has no permission to view  ;fatal;
02 Oct 2024 06:30:34.198392;DEPARTMENT VIEWING RESTRICTED;error! The department has no permission to view  ;fatal;
02 Oct 2024 06:30:36.038253;DEPARTMENT VIEWING RESTRICTED;error! The department has no permission to view  ;fatal;
02 Oct 2024 06:30:37.579990;DEPARTMENT VIEWING RESTRICTED;error! The department has no permission to view  ;fatal;
02 Oct 2024 06:30:39.708409;DEPARTMENT VIEWING RESTRICTED;error! The department has no permission to view  ;fatal;
02 Oct 2024 06:30:41.365695;DEPARTMENT VIEWING RESTRICTED;error! The department has no permission to view  ;fatal;
02 Oct 2024 08:20:21.465032;DEPARTMENT VIEWING RESTRICTED;error! The department has no permission to view  ;fatal;
02 Oct 2024 08:30:12.277827;DEPARTMENT VIEWING RESTRICTED;error! The department has no permission to view  ;fatal;
02 Oct 2024 08:30:49.463101;ams_create;error! The user has no permission to Create AMS;fatal;
02 Oct 2024 08:36:43.902096;DEPARTMENT VIEWING RESTRICTED;error! The department has no permission to view  ;fatal;
02 Oct 2024 08:36:56.287017;DEPARTMENT VIEWING RESTRICTED;error! The department has no permission to view  ;fatal;
02 Oct 2024 08:36:58.487663;DEPARTMENT VIEWING RESTRICTED;error! The department has no permission to view  ;fatal;
02 Oct 2024 14:58:52.834508;DEPARTMENT VIEWING RESTRICTED;error! The department has no permission to view  ;fatal;
02 Oct 2024 15:00:13.827465;DEPARTMENT VIEWING RESTRICTED;error! The department has no permission to view  ;fatal;
02 Oct 2024 15:11:50.844667;DEPARTMENT VIEWING RESTRICTED;error! The department has no permission to view  ;fatal;
02 Oct 2024 15:12:59.975019;DEPARTMENT VIEWING RESTRICTED;error! The department has no permission to view  ;fatal;
02 Oct 2024 15:13:53.438649;DEPARTMENT VIEWING RESTRICTED;error! The department has no permission to view  ;fatal;
02 Oct 2024 15:13:56.597715;DEPARTMENT VIEWING RESTRICTED;error! The department has no permission to view  ;fatal;
02 Oct 2024 15:25:19.736003;INVALID REQUEST;error! Invalid Request;fatal;
02 Oct 2024 15:29:03.747269;INVALID REQUEST;error! Invalid Request;fatal;
02 Oct 2024 16:45:08.876706;INSERT_REQUEST_FAILED;error! Resource Not Created  ;fatal;
05 Oct 2024 11:58:26.663764;ams_create;error! The user has no permission to Create AMS;fatal;
05 Oct 2024 12:09:52.377071;INVALID REQUEST;error! Invalid Request;fatal;
05 Oct 2024 15:52:28.268762;INVALID REQUEST;error! Invalid Request;fatal;
05 Oct 2024 15:52:36.365638;INVALID REQUEST;error! Invalid Request;fatal;
05 Oct 2024 16:36:29.465078;INVALID REQUEST;error! Invalid Request;fatal;
05 Oct 2024 16:37:58.186050;INVALID REQUEST;error! Invalid Request;fatal;
05 Oct 2024 16:48:55.764778;DEPARTMENT VIEWING RESTRICTED;error! The department has no permission to view  ;fatal;
05 Oct 2024 16:49:00.461458;DEPARTMENT VIEWING RESTRICTED;error! The department has no permission to view  ;fatal;
05 Oct 2024 17:46:10.578066;INVALID REQUEST;error! Invalid Request;fatal;
05 Oct 2024 17:48:29.237496;INVALID REQUEST;error! Invalid Request;fatal;
05 Oct 2024 17:48:54.171053;INVALID REQUEST;error! Invalid Request;fatal;
05 Oct 2024 17:50:43.875353;INVALID REQUEST;error! Invalid Request;fatal;
05 Oct 2024 17:52:47.600920;INVALID REQUEST;error! Invalid Request;fatal;
05 Oct 2024 19:23:24.407958;INSERT_REQUEST_FAILED;error! Resource Not Created  ;fatal;
05 Oct 2024 19:24:07.409995;INSERT_REQUEST_FAILED;error! Resource Not Created  ;fatal;
05 Oct 2024 19:25:56.487447;INSERT_REQUEST_FAILED;error! Resource Not Created  ;fatal;
07 Oct 2024 09:38:43.499124;INVALID REQUEST;error! Invalid Request;fatal;
08 Oct 2024 08:37:29.196790;INVALID REQUEST;error! Invalid Request;fatal;
08 Oct 2024 08:53:53.206445;INVALID REQUEST;error! Invalid Request;fatal;
08 Oct 2024 12:12:14.707895;INVALID REQUEST;error! Invalid Request;fatal;
09 Oct 2024 12:08:46.536124;INVALID REQUEST;error! Invalid Request;fatal;
09 Oct 2024 17:16:52.625612;INVALID REQUEST;error! Invalid Request;fatal;
09 Oct 2024 17:18:26.112140;INVALID REQUEST;error! Invalid Request;fatal;
09 Oct 2024 17:18:27.677774;INVALID REQUEST;error! Invalid Request;fatal;
09 Oct 2024 17:18:46.460077;INVALID REQUEST;error! Invalid Request;fatal;
09 Oct 2024 17:19:06.522054;DEPARTMENT VIEWING RESTRICTED;error! The department has no permission to view  ;fatal;
09 Oct 2024 17:19:12.505003;DEPARTMENT VIEWING RESTRICTED;error! The department has no permission to view  ;fatal;
10 Oct 2024 10:09:47.757410;INVALID REQUEST;error! Invalid Request;fatal;
10 Oct 2024 10:22:29.054972;DEPARTMENT VIEWING RESTRICTED;error! The department has no permission to view  ;fatal;
10 Oct 2024 14:38:42.372882;DEPARTMENT VIEWING RESTRICTED;error! The department has no permission to view  ;fatal;
10 Oct 2024 14:46:43.962367;DEPARTMENT VIEWING RESTRICTED;error! The department has no permission to view  ;fatal;
10 Oct 2024 14:47:08.502871;DEPARTMENT VIEWING RESTRICTED;error! The department has no permission to view  ;fatal;
10 Oct 2024 14:47:31.622654;DEPARTMENT VIEWING RESTRICTED;error! The department has no permission to view  ;fatal;
10 Oct 2024 14:47:40.983571;DEPARTMENT VIEWING RESTRICTED;error! The department has no permission to view  ;fatal;
10 Oct 2024 16:52:26.562410;DEPARTMENT VIEWING RESTRICTED;error! The department has no permission to view  ;fatal;
10 Oct 2024 16:52:27.854072;DEPARTMENT VIEWING RESTRICTED;error! The department has no permission to view  ;fatal;
12 Oct 2024 15:31:34.818786;CCM NUMBER SEQUENCE NOT EXIST;error! Contact Admin;fatal;
25 Oct 2024 11:09:58.386867;sop_view;error! The user has no permission to View SOP  ;fatal;
25 Oct 2024 11:10:57.582414;dms_create;error! The user has no permission to Create DMS;fatal;
25 Oct 2024 11:12:05.563220;sop_view;error! The user has no permission to View SOP  ;fatal;
25 Oct 2024 11:12:18.261857;sop_view;error! The user has no permission to View SOP  ;fatal;
25 Oct 2024 11:12:20.583385;sop_view;error! The user has no permission to View SOP  ;fatal;
25 Oct 2024 11:12:23.148985;sop_view;error! The user has no permission to View SOP  ;fatal;
25 Oct 2024 11:12:25.046524;sop_view;error! The user has no permission to View SOP  ;fatal;
25 Oct 2024 11:12:27.063630;sop_view;error! The user has no permission to View SOP  ;fatal;
25 Oct 2024 11:12:30.960223;sop_view;error! The user has no permission to View SOP  ;fatal;
25 Oct 2024 11:12:35.546905;sop_view;error! The user has no permission to View SOP  ;fatal;
26 Oct 2024 10:10:39.804485;INVALID PAGE;error!Invalid Page Request;fatal;
26 Oct 2024 10:12:02.512820;INVALID PAGE;error!Invalid Page Request;fatal;
26 Oct 2024 10:12:59.177350;INVALID PAGE;error!Invalid Page Request;fatal;
26 Oct 2024 10:13:00.415688;INVALID PAGE;error!Invalid Page Request;fatal;
26 Oct 2024 10:24:37.430941;INVALID PAGE;error!Invalid Page Request;fatal;
26 Oct 2024 10:26:51.369276;INVALID PAGE;error!Invalid Page Request;fatal;
26 Oct 2024 10:26:52.442132;INVALID PAGE;error!Invalid Page Request;fatal;
26 Oct 2024 10:27:13.008894;INVALID PAGE;error!Invalid Page Request;fatal;
26 Oct 2024 15:25:50.704944;INSERT_REQUEST_FAILED;error! Resource Not Created  ;fatal;
26 Oct 2024 15:25:56.996249;INSERT_REQUEST_FAILED;error! Resource Not Created  ;fatal;
26 Oct 2024 16:13:03.420270;INSERT_REQUEST_FAILED;error! Resource Not Created  ;fatal;
26 Oct 2024 17:09:56.262544;INSERT_REQUEST_FAILED;error! Resource Not Created  ;fatal;
26 Oct 2024 17:11:02.336248;INSERT_REQUEST_FAILED;error! Resource Not Created  ;fatal;
26 Oct 2024 17:14:01.218929;UPDATE_REQUEST_FAILED;error! Requested Resource Not Updated  ;fatal;
26 Oct 2024 17:31:07.957098;INSERT_REQUEST_FAILED;error! Resource Not Created  ;fatal;
28 Oct 2024 11:26:46.481589;INVALID PAGE;error!Invalid Page Request;fatal;
28 Oct 2024 12:25:49.463465;INVALID_OBJECT_ID_REQUESTED;error! Requested Field Not Exist  ;fatal;definitions->object_id->qms->oos_master_data->test_details->object_id
28 Oct 2024 12:25:59.508304;INVALID_OBJECT_ID_REQUESTED;error! Requested Field Not Exist  ;fatal;definitions->object_id->qms->oos_master_data->test_details->object_id
28 Oct 2024 12:44:08.054675;INSERT_REQUEST_FAILED;error! Resource Not Created  ;fatal;
28 Oct 2024 15:31:36.188360;UPDATE_REQUEST_FAILED;error! Requested Resource Not Updated  ;fatal;
28 Oct 2024 16:36:00.994378;CCM NUMBER SEQUENCE NOT EXIST;error! Contact Admin;fatal;
29 Oct 2024 09:52:25.544712;DMS NUMBER SEQUENCE NOT EXIST;error! Contact Admin;fatal;
29 Oct 2024 10:06:50.869276;DMS NUMBER SEQUENCE NOT EXIST;error! Contact Admin;fatal;
29 Oct 2024 10:45:36.973839;DMS NUMBER SEQUENCE NOT EXIST;error! Contact Admin;fatal;
29 Oct 2024 11:05:33.897936;DMS NUMBER SEQUENCE NOT EXIST;error! Contact Admin;fatal;
29 Oct 2024 11:05:35.245920;DMS NUMBER SEQUENCE NOT EXIST;error! Contact Admin;fatal;
29 Oct 2024 11:06:25.232785;DMS NUMBER SEQUENCE NOT EXIST;error! Contact Admin;fatal;
29 Oct 2024 11:06:26.380090;DMS NUMBER SEQUENCE NOT EXIST;error! Contact Admin;fatal;
29 Oct 2024 11:06:27.814382;DMS NUMBER SEQUENCE NOT EXIST;error! Contact Admin;fatal;
29 Oct 2024 11:24:13.750469;DMS NUMBER SEQUENCE NOT EXIST;error! Contact Admin;fatal;
29 Oct 2024 11:24:25.334962;DMS NUMBER SEQUENCE NOT EXIST;error! Contact Admin;fatal;
29 Oct 2024 11:24:26.564226;DMS NUMBER SEQUENCE NOT EXIST;error! Contact Admin;fatal;
29 Oct 2024 11:30:38.464900;DMS NUMBER SEQUENCE NOT EXIST;error! Contact Admin;fatal;
29 Oct 2024 11:38:02.071561;DMS NUMBER SEQUENCE NOT EXIST;error! Contact Admin;fatal;
29 Oct 2024 11:38:15.615540;oos_create;error! The user has no permission to Create OOS;fatal;
29 Oct 2024 11:38:26.919174;oos_create;error! The user has no permission to Create OOS;fatal;
29 Oct 2024 11:39:51.760276;oos_create;error! The user has no permission to Create OOS;fatal;
29 Oct 2024 11:40:20.784013;oos_create;error! The user has no permission to Create OOS;fatal;
29 Oct 2024 11:41:38.215858;oos_create;error! The user has no permission to Create OOS;fatal;
29 Oct 2024 11:52:16.652788;oos_create;error! The user has no permission to Create OOS;fatal;
29 Oct 2024 11:52:18.845209;oos_create;error! The user has no permission to Create OOS;fatal;
29 Oct 2024 11:52:19.948979;oos_create;error! The user has no permission to Create OOS;fatal;
29 Oct 2024 11:53:06.116709;oos_create;error! The user has no permission to Create OOS;fatal;
29 Oct 2024 11:58:59.535060;oos_create;error! The user has no permission to Create OOS;fatal;
29 Oct 2024 12:02:31.734464;INVALID PAGE;error!Invalid Page Request;fatal;
29 Oct 2024 12:28:40.347557;oos_create;error! The user has no permission to Create OOS;fatal;
29 Oct 2024 12:29:58.672193;oos_create;error! The user has no permission to Create OOS;fatal;
29 Oct 2024 12:30:00.660482;oos_create;error! The user has no permission to Create OOS;fatal;
29 Oct 2024 12:31:14.967050;oos_create;error! The user has no permission to Create OOS;fatal;
29 Oct 2024 12:31:16.923622;oos_create;error! The user has no permission to Create OOS;fatal;
29 Oct 2024 12:40:06.769692;DMS NUMBER SEQUENCE NOT EXIST;error! Contact Admin;fatal;
29 Oct 2024 12:51:38.141227;oos_create;error! The user has no permission to Create OOS;fatal;
29 Oct 2024 12:51:39.980411;oos_create;error! The user has no permission to Create OOS;fatal;
29 Oct 2024 13:48:35.494659;CCM NUMBER SEQUENCE NOT EXIST;error! Contact Admin;fatal;
29 Oct 2024 13:48:51.344942;CAPA NUMBER SEQUENCE NOT EXIST;error! Contact Admin;fatal;
29 Oct 2024 15:23:51.447820;OOS NUMBER SEQUENCE NOT EXIST;error! Contact Admin;fatal;
29 Oct 2024 15:40:00.610639;OOS NUMBER SEQUENCE NOT EXIST;error! Contact Admin;fatal;
29 Oct 2024 15:40:03.508850;OOS NUMBER SEQUENCE NOT EXIST;error! Contact Admin;fatal;
29 Oct 2024 15:40:05.464494;OOS NUMBER SEQUENCE NOT EXIST;error! Contact Admin;fatal;
29 Oct 2024 15:40:16.262981;OOS NUMBER SEQUENCE NOT EXIST;error! Contact Admin;fatal;
29 Oct 2024 17:03:01.138170;CAPA NUMBER SEQUENCE NOT EXIST;error! Contact Admin;fatal;
29 Oct 2024 17:04:01.119706;CAPA NUMBER SEQUENCE NOT EXIST;error! Contact Admin;fatal;
30 Oct 2024 11:05:04.084128;INVALID PAGE;error!Invalid Page Request;fatal;
30 Oct 2024 11:05:29.440241;INVALID PAGE;error!Invalid Page Request;fatal;
30 Oct 2024 14:01:57.363754;INVALID PAGE;error!Invalid Page Request;fatal;
30 Oct 2024 14:18:57.189183;INVALID PAGE;error!Invalid Page Request;fatal;
30 Oct 2024 14:21:16.692602;INVALID PAGE;error!Invalid Page Request;fatal;
30 Oct 2024 14:51:14.074099;INVALID PAGE;error!Invalid Page Request;fatal;
30 Oct 2024 14:51:47.871554;INVALID PAGE;error!Invalid Page Request;fatal;
30 Oct 2024 14:54:15.575512;INVALID PAGE;error!Invalid Page Request;fatal;
30 Oct 2024 14:56:17.654656;INVALID PAGE;error!Invalid Page Request;fatal;
30 Oct 2024 14:57:08.570175;INVALID PAGE;error!Invalid Page Request;fatal;
30 Oct 2024 14:57:24.780129;INSERT_REQUEST_FAILED;error! Resource Not Created  ;fatal;
05 Nov 2024 17:28:27.026258;INVALID PAGE;error!Invalid Page Request;fatal;
05 Nov 2024 17:35:54.250520;INVALID PAGE;error!Invalid Page Request;fatal;
05 Nov 2024 17:38:15.239422;INVALID PAGE;error!Invalid Page Request;fatal;
06 Nov 2024 09:14:49.316557;INVALID PAGE;error!Invalid Page Request;fatal;
06 Nov 2024 09:26:27.130110;INVALID PAGE;error!Invalid Page Request;fatal;
06 Nov 2024 10:11:27.671293;INVALID REQUEST;error! Invalid Request;fatal;
06 Nov 2024 10:11:31.627722;INVALID REQUEST;error! Invalid Request;fatal;
06 Nov 2024 10:13:01.782150;DEPARTMENT VIEWING RESTRICTED;error! The department has no permission to view  ;fatal;
06 Nov 2024 10:19:37.838810;INVALID PAGE;error!Invalid Page Request;fatal;
06 Nov 2024 10:20:31.588818;INVALID PAGE;error!Invalid Page Request;fatal;
06 Nov 2024 10:20:58.578498;oos_create;error! The user has no permission to Create OOS;fatal;
06 Nov 2024 14:27:37.296549;CCM NUMBER SEQUENCE NOT EXIST;error! Contact Admin;fatal;
06 Nov 2024 14:27:47.159261;CAPA NUMBER SEQUENCE NOT EXIST;error! Contact Admin;fatal;
06 Nov 2024 15:22:44.414756;CAPA NUMBER SEQUENCE NOT EXIST;error! Contact Admin;fatal;
06 Nov 2024 15:22:46.252900;CCM NUMBER SEQUENCE NOT EXIST;error! Contact Admin;fatal;
06 Nov 2024 15:22:49.943822;CCM NUMBER SEQUENCE NOT EXIST;error! Contact Admin;fatal;
06 Nov 2024 15:22:53.664280;CCM NUMBER SEQUENCE NOT EXIST;error! Contact Admin;fatal;
08 Nov 2024 17:16:21.468368;DEPARTMENT VIEWING RESTRICTED;error! The department has no permission to view  ;fatal;
08 Nov 2024 17:16:28.376318;DEPARTMENT VIEWING RESTRICTED;error! The department has no permission to view  ;fatal;
08 Nov 2024 17:16:29.198552;DEPARTMENT VIEWING RESTRICTED;error! The department has no permission to view  ;fatal;
08 Nov 2024 17:16:30.702560;DEPARTMENT VIEWING RESTRICTED;error! The department has no permission to view  ;fatal;
08 Nov 2024 17:16:31.521923;DEPARTMENT VIEWING RESTRICTED;error! The department has no permission to view  ;fatal;
09 Nov 2024 11:17:33.926034;CCM NUMBER SEQUENCE NOT EXIST;error! Contact Admin;fatal;
09 Nov 2024 12:02:03.444738;INVALID PAGE;error!Invalid Page Request;fatal;
09 Nov 2024 12:16:12.949418;DEPARTMENT VIEWING RESTRICTED;error! The department has no permission to view  ;fatal;
09 Nov 2024 12:22:36.410525;DEPARTMENT VIEWING RESTRICTED;error! The department has no permission to view  ;fatal;
09 Nov 2024 17:26:29.217263;DEPARTMENT VIEWING RESTRICTED;error! The department has no permission to view  ;fatal;
11 Nov 2024 11:28:22.346553;DEPARTMENT VIEWING RESTRICTED;error! The department has no permission to view  ;fatal;
11 Nov 2024 11:51:47.177002;INVALID REQUEST;error! Invalid Request;fatal;
11 Nov 2024 11:52:48.341542;INVALID PAGE;error!Invalid Page Request;fatal;
11 Nov 2024 11:53:03.526451;INVALID PAGE;error!Invalid Page Request;fatal;
11 Nov 2024 14:30:03.398826;INVALID PAGE;error!Invalid Page Request;fatal;
11 Nov 2024 14:30:16.922821;INVALID PAGE;error!Invalid Page Request;fatal;
11 Nov 2024 14:30:20.100058;INVALID PAGE;error!Invalid Page Request;fatal;
11 Nov 2024 16:28:32.450404;INVALID PAGE;error!Invalid Page Request;fatal;
11 Nov 2024 16:28:33.379298;INVALID PAGE;error!Invalid Page Request;fatal;
11 Nov 2024 16:28:34.173156;INVALID PAGE;error!Invalid Page Request;fatal;
12 Nov 2024 13:48:11.105853;oos_create;error! The user has no permission to Create OOS;fatal;
12 Nov 2024 13:52:30.286995;dms_view;error! The user has no permission to View DMS;fatal;
12 Nov 2024 14:01:49.865442;dms_view;error! The user has no permission to View DMS;fatal;
12 Nov 2024 14:23:52.816560;dms_view;error! The user has no permission to View DMS;fatal;
12 Nov 2024 14:23:55.519877;oos_create;error! The user has no permission to Create OOS;fatal;
12 Nov 2024 14:54:55.551286;dms_view;error! The user has no permission to View DMS;fatal;
12 Nov 2024 14:54:57.579705;oos_create;error! The user has no permission to Create OOS;fatal;
13 Nov 2024 09:42:36.440949;oos_create;error! The user has no permission to Create OOS;fatal;
13 Nov 2024 09:56:13.263576;dms_view;error! The user has no permission to View DMS;fatal;
13 Nov 2024 09:56:17.593749;dms_create;error! The user has no permission to Create DMS;fatal;
13 Nov 2024 09:56:19.011711;admin_module;error! The user has no permission to view Admin Module  ;fatal;
13 Nov 2024 13:31:31.562976;admin_module;error! The user has no permission to view Admin Module  ;fatal;
13 Nov 2024 13:31:32.786313;admin_module;error! The user has no permission to view Admin Module  ;fatal;
13 Nov 2024 13:32:12.157706;audit_trial;error! The user has no permission to view Audit Trail  ;fatal;
13 Nov 2024 15:13:58.838912;audit_trial;error! The user has no permission to view Audit Trail  ;fatal;
14 Nov 2024 09:08:14.048710;admin_module;error! The user has no permission to view Admin Module  ;fatal;
14 Nov 2024 09:08:16.473143;oos_create;error! The user has no permission to Create OOS;fatal;
14 Nov 2024 12:41:16.244696;oos_create;error! The user has no permission to Create OOS;fatal;
14 Nov 2024 12:41:56.218410;oos_create;error! The user has no permission to Create OOS;fatal;
14 Nov 2024 14:47:08.919873;INVALID REQUEST;error! Invalid Request;fatal;
15 Nov 2024 12:01:38.484981;INVALID REQUEST;error! Invalid Request;fatal;
15 Nov 2024 12:05:50.261508;INVALID PAGE;error!Invalid Page Request;fatal;
15 Nov 2024 12:05:54.675815;INVALID PAGE;error!Invalid Page Request;fatal;
16 Nov 2024 14:08:48.351426;INSERT_REQUEST_FAILED;error! Resource Not Created  ;fatal;
16 Nov 2024 14:09:13.734294;INSERT_REQUEST_FAILED;error! Resource Not Created  ;fatal;
26 Nov 2024 16:57:05.904364;INVALID PAGE;error!Invalid Page Request;fatal;
26 Nov 2024 16:58:57.176707;INVALID PAGE;error!Invalid Page Request;fatal;
26 Nov 2024 16:59:12.776539;INVALID PAGE;error!Invalid Page Request;fatal;
26 Nov 2024 17:01:15.652142;INVALID PAGE;error!Invalid Page Request;fatal;
26 Nov 2024 17:01:21.398724;INVALID PAGE;error!Invalid Page Request;fatal;
26 Nov 2024 17:02:17.341779;INVALID PAGE;error!Invalid Page Request;fatal;
26 Nov 2024 17:02:19.020698;INVALID PAGE;error!Invalid Page Request;fatal;
26 Nov 2024 17:02:35.565638;INVALID PAGE;error!Invalid Page Request;fatal;
26 Nov 2024 17:06:05.254855;INVALID PAGE;error!Invalid Page Request;fatal;
26 Nov 2024 17:06:11.337248;INVALID PAGE;error!Invalid Page Request;fatal;
26 Nov 2024 17:08:16.809487;INVALID PAGE;error!Invalid Page Request;fatal;
26 Nov 2024 17:08:17.757502;INVALID PAGE;error!Invalid Page Request;fatal;
26 Nov 2024 17:13:10.752048;INVALID PAGE;error!Invalid Page Request;fatal;
26 Nov 2024 17:13:50.768989;INVALID PAGE;error!Invalid Page Request;fatal;
26 Nov 2024 17:13:56.374514;INVALID PAGE;error!Invalid Page Request;fatal;
27 Nov 2024 12:43:49.498199;oos_create;error! The user has no permission to Create OOS;fatal;
27 Nov 2024 14:07:00.542513;oos_create;error! The user has no permission to Create OOS;fatal;
27 Nov 2024 14:07:07.530897;admin_module;error! The user has no permission to view Admin Module  ;fatal;
07 Dec 2024 13:00:32.662268;oos_create;error! The user has no permission to Create OOS;fatal;
07 Dec 2024 14:37:05.139260;dms_create;error! The user has no permission to Create DMS;fatal;
28 Dec 2024 09:50:11.598832;audit_trial;error! The user has no permission to view Audit Trail  ;fatal;
28 Dec 2024 09:51:55.254702;oos_create;error! The user has no permission to Create OOS;fatal;
28 Dec 2024 09:52:07.877127;oos_create;error! The user has no permission to Create OOS;fatal;
28 Dec 2024 09:52:09.995528;audit_trial;error! The user has no permission to view Audit Trail  ;fatal;
28 Dec 2024 11:27:49.911267;DEPARTMENT VIEWING RESTRICTED;error! The department has no permission to view  ;fatal;
04 Jan 2025 09:20:42.241612;DEPARTMENT VIEWING RESTRICTED;error! The department has no permission to view  ;fatal;
08 Jan 2025 16:20:25.960162;INVALID_OBJECT_ID_REQUESTED;error! Requested Field Not Exist  ;fatal;definitions->object_id->workflow->oos->phase2_resample_investigation_details
09 Jan 2025 15:02:07.648787;oos_create;error! The user has no permission to Create OOS;fatal;
14 Jan 2025 15:16:11.366009;DEPARTMENT VIEWING RESTRICTED;error! The department has no permission to view  ;fatal;
14 Jan 2025 15:16:15.576055;DEPARTMENT VIEWING RESTRICTED;error! The department has no permission to view  ;fatal;
20 Jan 2025 15:36:22.133800;INVALID_JSON_FORMAT;error! Invalid Json Format  ;fatal;
20 Jan 2025 15:37:36.738206;INVALID_JSON_FORMAT;error! Invalid Json Format  ;fatal;
20 Jan 2025 15:38:10.104521;INVALID_JSON_FORMAT;error! Invalid Json Format  ;fatal;
20 Jan 2025 15:39:04.795546;INVALID_JSON_FORMAT;error! Invalid Json Format  ;fatal;
20 Jan 2025 15:40:00.732712;INVALID_JSON_FORMAT;error! Invalid Json Format  ;fatal;
20 Jan 2025 15:43:21.298123;INVALID_JSON_FORMAT;error! Invalid Json Format  ;fatal;
20 Jan 2025 15:43:33.465745;INVALID_JSON_FORMAT;error! Invalid Json Format  ;fatal;
20 Jan 2025 15:43:33.602677;INVALID_JSON_FORMAT;error! Invalid Json Format  ;fatal;
20 Jan 2025 15:45:09.909887;INVALID_JSON_FORMAT;error! Invalid Json Format  ;fatal;
20 Jan 2025 15:45:10.964524;INVALID_JSON_FORMAT;error! Invalid Json Format  ;fatal;
20 Jan 2025 15:45:16.682664;INVALID_JSON_FORMAT;error! Invalid Json Format  ;fatal;
20 Jan 2025 15:45:20.427948;INVALID_JSON_FORMAT;error! Invalid Json Format  ;fatal;
20 Jan 2025 15:46:16.028158;INVALID_JSON_FORMAT;error! Invalid Json Format  ;fatal;
20 Jan 2025 15:46:45.075141;INVALID_JSON_FORMAT;error! Invalid Json Format  ;fatal;
20 Jan 2025 15:50:57.667068;INVALID_JSON_FORMAT;error! Invalid Json Format  ;fatal;
20 Jan 2025 15:50:58.525662;INVALID_JSON_FORMAT;error! Invalid Json Format  ;fatal;
20 Jan 2025 15:52:02.747809;INVALID_JSON_FORMAT;error! Invalid Json Format  ;fatal;
20 Jan 2025 15:52:58.687627;INVALID_JSON_FORMAT;error! Invalid Json Format  ;fatal;
20 Jan 2025 15:53:02.195521;INVALID_JSON_FORMAT;error! Invalid Json Format  ;fatal;
20 Jan 2025 16:55:31.072140;INVALID PAGE;error!Invalid Page Request;fatal;
20 Jan 2025 16:56:07.123087;INVALID PAGE;error!Invalid Page Request;fatal;
22 Jan 2025 14:04:27.610629;INVALID REQUEST;error! Invalid Request;fatal;
22 Jan 2025 14:04:47.073703;INVALID REQUEST;error! Invalid Request;fatal;
23 Jan 2025 14:41:33.002838;oos_create;error! The user has no permission to Create OOS;fatal;
24 Jan 2025 09:37:28.089805;INVALID PAGE;error!Invalid Page Request;fatal;
24 Jan 2025 09:39:03.439485;INVALID PAGE;error!Invalid Page Request;fatal;
24 Jan 2025 09:39:04.802545;INVALID PAGE;error!Invalid Page Request;fatal;
25 Jan 2025 09:21:00.220773;oos_create;error! The user has no permission to Create OOS;fatal;
25 Jan 2025 09:28:39.245866;OOS NUMBER SEQUENCE NOT EXIST;error! Contact Admin;fatal;
25 Jan 2025 09:55:28.011889;dms_view;error! The user has no permission to View DMS;fatal;
25 Jan 2025 09:55:44.930456;dms_view;error! The user has no permission to View DMS;fatal;
25 Jan 2025 09:55:52.131704;OOS NUMBER SEQUENCE NOT EXIST;error! Contact Admin;fatal;
25 Jan 2025 10:03:29.513784;OOS NUMBER SEQUENCE NOT EXIST;error! Contact Admin;fatal;
25 Jan 2025 11:38:44.580130;DEPARTMENT VIEWING RESTRICTED;error! The department has no permission to view  ;fatal;
25 Jan 2025 11:39:00.253401;DEPARTMENT VIEWING RESTRICTED;error! The department has no permission to view  ;fatal;
25 Jan 2025 11:39:10.409041;DEPARTMENT VIEWING RESTRICTED;error! The department has no permission to view  ;fatal;
25 Jan 2025 11:39:17.303211;DEPARTMENT VIEWING RESTRICTED;error! The department has no permission to view  ;fatal;
25 Jan 2025 12:05:24.097359;capa_view;error! The user has no permission to View CAPA  ;fatal;
28 Jan 2025 09:17:00.871316;oos_create;error! The user has no permission to Create OOS;fatal;
28 Jan 2025 14:30:28.572169;ams_create;error! The user has no permission to Create AMS;fatal;
28 Jan 2025 14:31:16.079237;ams_create;error! The user has no permission to Create AMS;fatal;
29 Jan 2025 11:20:20.064931;INVALID PAGE;error!Invalid Page Request;fatal;
29 Jan 2025 13:32:38.043202;INVALID PAGE;error!Invalid Page Request;fatal;
29 Jan 2025 16:38:20.066498;INVALID PAGE;error!Invalid Page Request;fatal;
01 Feb 2025 11:09:12.039385;oos_create;error! The user has no permission to Create OOS;fatal;
06 Feb 2025 14:23:32.340703;INVALID PAGE;error!Invalid Page Request;fatal;
06 Feb 2025 14:23:43.464952;INVALID PAGE;error!Invalid Page Request;fatal;
07 Feb 2025 11:22:09.296648;DEPARTMENT VIEWING RESTRICTED;error! The department has no permission to view  ;fatal;
07 Feb 2025 11:22:21.038497;DEPARTMENT VIEWING RESTRICTED;error! The department has no permission to view  ;fatal;
07 Feb 2025 11:22:33.622051;DEPARTMENT VIEWING RESTRICTED;error! The department has no permission to view  ;fatal;
07 Feb 2025 15:42:58.484805;DEPARTMENT VIEWING RESTRICTED;error! The department has no permission to view  ;fatal;
08 Feb 2025 09:13:18.193353;DEPARTMENT VIEWING RESTRICTED;error! The department has no permission to view  ;fatal;
08 Feb 2025 09:13:29.874086;DEPARTMENT VIEWING RESTRICTED;error! The department has no permission to view  ;fatal;
08 Feb 2025 11:34:10.236210;CCM NUMBER SEQUENCE NOT EXIST;error! Contact Admin;fatal;
08 Feb 2025 14:44:16.896473;DEPARTMENT VIEWING RESTRICTED;error! The department has no permission to view  ;fatal;
08 Feb 2025 15:28:28.592466;INVALID PAGE;error!Invalid Page Request;fatal;
08 Feb 2025 15:28:40.616821;INVALID PAGE;error!Invalid Page Request;fatal;
15 Feb 2025 16:21:15.505990;INVALID PAGE;error!Invalid Page Request;fatal;
15 Feb 2025 16:42:18.731661;DEPARTMENT VIEWING RESTRICTED;error! The department has no permission to view  ;fatal;
15 Feb 2025 16:50:33.336219;DEPARTMENT VIEWING RESTRICTED;error! The department has no permission to view  ;fatal;
17 Feb 2025 11:52:47.253615;CCM NUMBER SEQUENCE NOT EXIST;error! Contact Admin;fatal;
21 Feb 2025 10:43:10.024896;view_department_permission;error! The user has no permission ;fatal;
21 Feb 2025 10:43:21.745858;view_department_permission;error! The user has no permission ;fatal;
21 Feb 2025 10:43:33.428046;view_department_permission;error! The user has no permission ;fatal;
21 Feb 2025 10:43:45.170244;view_department_permission;error! The user has no permission ;fatal;
21 Feb 2025 10:43:57.151815;view_department_permission;error! The user has no permission ;fatal;
25 Feb 2025 09:31:31.459315;INVALID PAGE;error!Invalid Page Request;fatal;
26 Feb 2025 13:35:18.055944;INVALID PAGE;error!Invalid Page Request;fatal;
06 Mar 2025 13:41:12.875763;INVALID PAGE;error!Invalid Page Request;fatal;
08 Mar 2025 12:06:08.521172;OOS NUMBER SEQUENCE NOT EXIST;error! Contact Admin;fatal;
15 Mar 2025 14:50:18.726950;INVALID PAGE;error!Invalid Page Request;fatal;
